<?xml version="1.0" encoding="UTF-8"?>
<!-- Generated by org.testng.reporters.JUnitReportReporter -->
<testsuite hostname="tvl-note" name="wirknTest.WirknTest" tests="1" failures="0" timestamp="29 Jan 2015 09:14:39 GMT" time="11.816" errors="0">
  <testcase name="f" time="11.816" classname="wirknTest.WirknTest"/>
</testsuite> <!-- wirknTest.WirknTest -->
