<?xml version="1.0" encoding="UTF-8"?>
<!-- Generated by org.testng.reporters.JUnitReportReporter -->
<testsuite hostname="tvl-note" name="wirknTest._02_SignIn" tests="2" failures="0" timestamp="28 Jan 2015 10:05:21 GMT" time="27.000" errors="0">
  <testcase name="_01_T_SignIn" time="18.603" classname="wirknTest._02_SignIn"/>
  <testcase name="_02_T_SignOut" time="8.397" classname="wirknTest._02_SignIn"/>
</testsuite> <!-- wirknTest._02_SignIn -->
