<?xml version="1.0" encoding="UTF-8"?>
<!-- Generated by org.testng.reporters.JUnitReportReporter -->
<testsuite hostname="tvl-note" name="wirknTest._06_Availability" tests="1" failures="0" timestamp="17 Feb 2015 15:40:49 GMT" time="26.339" errors="0">
  <testcase name="_01_T_Availability" time="26.339" classname="wirknTest._06_Availability"/>
</testsuite> <!-- wirknTest._06_Availability -->
