<?xml version="1.0" encoding="UTF-8"?>
<!-- Generated by org.testng.reporters.JUnitReportReporter -->
<testsuite hostname="tvl-note" name="wirknTest._04_SignUpSelectPosition" tests="6" failures="0" timestamp="2 Feb 2015 11:56:43 GMT" time="7.500" errors="0">
  <testcase name="_06_T_SelectPositionBackButton" time="3.270" classname="wirknTest._04_SignUpSelectPosition"/>
  <testcase name="_05_T_SelectPositionThirdButton" time="0.205" classname="wirknTest._04_SignUpSelectPosition"/>
  <testcase name="_04_T_SelectPositionSecondButton" time="0.199" classname="wirknTest._04_SignUpSelectPosition"/>
  <testcase name="_03_T_SelectPositionFstButton" time="0.304" classname="wirknTest._04_SignUpSelectPosition"/>
  <testcase name="_01_T_SelectPositionTitle" time="2.899" classname="wirknTest._04_SignUpSelectPosition"/>
  <testcase name="_02_T_SelectPositionDescription" time="0.623" classname="wirknTest._04_SignUpSelectPosition"/>
</testsuite> <!-- wirknTest._04_SignUpSelectPosition -->
