<?xml version="1.0" encoding="UTF-8"?>
<!-- Generated by org.testng.reporters.JUnitReportReporter -->
<testsuite hostname="tvl-note" name="wirknTest._01_Walk" tests="5" failures="0" timestamp="18 Feb 2015 09:10:35 GMT" time="18.173" errors="0">
  <testcase name="_03_T_Walk" time="3.126" classname="wirknTest._01_Walk"/>
  <testcase name="_05_T_Walk" time="2.897" classname="wirknTest._01_Walk"/>
  <testcase name="_01_T_Walk" time="4.497" classname="wirknTest._01_Walk"/>
  <testcase name="_04_T_Walk" time="3.758" classname="wirknTest._01_Walk"/>
  <testcase name="_02_T_Walk" time="3.895" classname="wirknTest._01_Walk"/>
</testsuite> <!-- wirknTest._01_Walk -->
